This is pdfTeX, Version 3.14159265-2.6-1.40.15 (TeX Live 2014) (preloaded format=pdflatex 2014.7.16)  8 JAN 2015 15:37
entering extended mode
 restricted \write18 enabled.
 file:line:error style messages enabled.
 %&-line parsing enabled.
**main.tex
(./main.tex
LaTeX2e <2014/05/01>
Babel <3.9k> and hyphenation patterns for 78 languages loaded.
(./Thesis.cls
Document Class: Thesis 2007/22/02 v1.0 LaTeX document class
(/usr/local/texlive/2014/texmf-dist/tex/latex/base/book.cls
Document Class: book 2007/10/19 v1.4h Standard LaTeX document class
(/usr/local/texlive/2014/texmf-dist/tex/latex/base/bk11.clo
File: bk11.clo 2007/10/19 v1.4h Standard LaTeX file (size option)
)
\c@part=\count79
\c@chapter=\count80
\c@section=\count81
\c@subsection=\count82
\c@subsubsection=\count83
\c@paragraph=\count84
\c@subparagraph=\count85
\c@figure=\count86
\c@table=\count87
\abovecaptionskip=\skip41
\belowcaptionskip=\skip42
\bibindent=\dimen102
)
(/usr/local/texlive/2014/texmf-dist/tex/latex/setspace/setspace.sty
Package: setspace 2011/12/19 v6.7a set line spacing
)
(/usr/local/texlive/2014/texmf-dist/tex/latex/vmargin/vmargin.sty
Package: vmargin 2004/07/15 V2.5 set document margins (VK)

Package: vmargin 2004/07/15 V2.5 set document margins (VK)
\PaperWidth=\dimen103
\PaperHeight=\dimen104
) (/usr/local/texlive/2014/texmf-dist/tex/latex/base/inputenc.sty
Package: inputenc 2014/04/30 v1.2b Input encoding file
\inpenc@prehook=\toks14
\inpenc@posthook=\toks15

(/usr/local/texlive/2014/texmf-dist/tex/latex/base/utf8.def
File: utf8.def 2008/04/05 v1.1m UTF-8 support for inputenc
Now handling font encoding OML ...
... no UTF-8 mapping file for font encoding OML
Now handling font encoding T1 ...
... processing UTF-8 mapping file for font encoding T1

(/usr/local/texlive/2014/texmf-dist/tex/latex/base/t1enc.dfu
File: t1enc.dfu 2008/04/05 v1.1m UTF-8 support for inputenc
   defining Unicode char U+00A1 (decimal 161)
   defining Unicode char U+00A3 (decimal 163)
   defining Unicode char U+00AB (decimal 171)
   defining Unicode char U+00BB (decimal 187)
   defining Unicode char U+00BF (decimal 191)
   defining Unicode char U+00C0 (decimal 192)
   defining Unicode char U+00C1 (decimal 193)
   defining Unicode char U+00C2 (decimal 194)
   defining Unicode char U+00C3 (decimal 195)
   defining Unicode char U+00C4 (decimal 196)
   defining Unicode char U+00C5 (decimal 197)
   defining Unicode char U+00C6 (decimal 198)
   defining Unicode char U+00C7 (decimal 199)
   defining Unicode char U+00C8 (decimal 200)
   defining Unicode char U+00C9 (decimal 201)
   defining Unicode char U+00CA (decimal 202)
   defining Unicode char U+00CB (decimal 203)
   defining Unicode char U+00CC (decimal 204)
   defining Unicode char U+00CD (decimal 205)
   defining Unicode char U+00CE (decimal 206)
   defining Unicode char U+00CF (decimal 207)
   defining Unicode char U+00D0 (decimal 208)
   defining Unicode char U+00D1 (decimal 209)
   defining Unicode char U+00D2 (decimal 210)
   defining Unicode char U+00D3 (decimal 211)
   defining Unicode char U+00D4 (decimal 212)
   defining Unicode char U+00D5 (decimal 213)
   defining Unicode char U+00D6 (decimal 214)
   defining Unicode char U+00D8 (decimal 216)
   defining Unicode char U+00D9 (decimal 217)
   defining Unicode char U+00DA (decimal 218)
   defining Unicode char U+00DB (decimal 219)
   defining Unicode char U+00DC (decimal 220)
   defining Unicode char U+00DD (decimal 221)
   defining Unicode char U+00DE (decimal 222)
   defining Unicode char U+00DF (decimal 223)
   defining Unicode char U+00E0 (decimal 224)
   defining Unicode char U+00E1 (decimal 225)
   defining Unicode char U+00E2 (decimal 226)
   defining Unicode char U+00E3 (decimal 227)
   defining Unicode char U+00E4 (decimal 228)
   defining Unicode char U+00E5 (decimal 229)
   defining Unicode char U+00E6 (decimal 230)
   defining Unicode char U+00E7 (decimal 231)
   defining Unicode char U+00E8 (decimal 232)
   defining Unicode char U+00E9 (decimal 233)
   defining Unicode char U+00EA (decimal 234)
   defining Unicode char U+00EB (decimal 235)
   defining Unicode char U+00EC (decimal 236)
   defining Unicode char U+00ED (decimal 237)
   defining Unicode char U+00EE (decimal 238)
   defining Unicode char U+00EF (decimal 239)
   defining Unicode char U+00F0 (decimal 240)
   defining Unicode char U+00F1 (decimal 241)
   defining Unicode char U+00F2 (decimal 242)
   defining Unicode char U+00F3 (decimal 243)
   defining Unicode char U+00F4 (decimal 244)
   defining Unicode char U+00F5 (decimal 245)
   defining Unicode char U+00F6 (decimal 246)
   defining Unicode char U+00F8 (decimal 248)
   defining Unicode char U+00F9 (decimal 249)
   defining Unicode char U+00FA (decimal 250)
   defining Unicode char U+00FB (decimal 251)
   defining Unicode char U+00FC (decimal 252)
   defining Unicode char U+00FD (decimal 253)
   defining Unicode char U+00FE (decimal 254)
   defining Unicode char U+00FF (decimal 255)
   defining Unicode char U+0102 (decimal 258)
   defining Unicode char U+0103 (decimal 259)
   defining Unicode char U+0104 (decimal 260)
   defining Unicode char U+0105 (decimal 261)
   defining Unicode char U+0106 (decimal 262)
   defining Unicode char U+0107 (decimal 263)
   defining Unicode char U+010C (decimal 268)
   defining Unicode char U+010D (decimal 269)
   defining Unicode char U+010E (decimal 270)
   defining Unicode char U+010F (decimal 271)
   defining Unicode char U+0110 (decimal 272)
   defining Unicode char U+0111 (decimal 273)
   defining Unicode char U+0118 (decimal 280)
   defining Unicode char U+0119 (decimal 281)
   defining Unicode char U+011A (decimal 282)
   defining Unicode char U+011B (decimal 283)
   defining Unicode char U+011E (decimal 286)
   defining Unicode char U+011F (decimal 287)
   defining Unicode char U+0130 (decimal 304)
   defining Unicode char U+0131 (decimal 305)
   defining Unicode char U+0132 (decimal 306)
   defining Unicode char U+0133 (decimal 307)
   defining Unicode char U+0139 (decimal 313)
   defining Unicode char U+013A (decimal 314)
   defining Unicode char U+013D (decimal 317)
   defining Unicode char U+013E (decimal 318)
   defining Unicode char U+0141 (decimal 321)
   defining Unicode char U+0142 (decimal 322)
   defining Unicode char U+0143 (decimal 323)
   defining Unicode char U+0144 (decimal 324)
   defining Unicode char U+0147 (decimal 327)
   defining Unicode char U+0148 (decimal 328)
   defining Unicode char U+014A (decimal 330)
   defining Unicode char U+014B (decimal 331)
   defining Unicode char U+0150 (decimal 336)
   defining Unicode char U+0151 (decimal 337)
   defining Unicode char U+0152 (decimal 338)
   defining Unicode char U+0153 (decimal 339)
   defining Unicode char U+0154 (decimal 340)
   defining Unicode char U+0155 (decimal 341)
   defining Unicode char U+0158 (decimal 344)
   defining Unicode char U+0159 (decimal 345)
   defining Unicode char U+015A (decimal 346)
   defining Unicode char U+015B (decimal 347)
   defining Unicode char U+015E (decimal 350)
   defining Unicode char U+015F (decimal 351)
   defining Unicode char U+0160 (decimal 352)
   defining Unicode char U+0161 (decimal 353)
   defining Unicode char U+0162 (decimal 354)
   defining Unicode char U+0163 (decimal 355)
   defining Unicode char U+0164 (decimal 356)
   defining Unicode char U+0165 (decimal 357)
   defining Unicode char U+016E (decimal 366)
   defining Unicode char U+016F (decimal 367)
   defining Unicode char U+0170 (decimal 368)
   defining Unicode char U+0171 (decimal 369)
   defining Unicode char U+0178 (decimal 376)
   defining Unicode char U+0179 (decimal 377)
   defining Unicode char U+017A (decimal 378)
   defining Unicode char U+017B (decimal 379)
   defining Unicode char U+017C (decimal 380)
   defining Unicode char U+017D (decimal 381)
   defining Unicode char U+017E (decimal 382)
   defining Unicode char U+200C (decimal 8204)
   defining Unicode char U+2013 (decimal 8211)
   defining Unicode char U+2014 (decimal 8212)
   defining Unicode char U+2018 (decimal 8216)
   defining Unicode char U+2019 (decimal 8217)
   defining Unicode char U+201A (decimal 8218)
   defining Unicode char U+201C (decimal 8220)
   defining Unicode char U+201D (decimal 8221)
   defining Unicode char U+201E (decimal 8222)
   defining Unicode char U+2030 (decimal 8240)
   defining Unicode char U+2031 (decimal 8241)
   defining Unicode char U+2039 (decimal 8249)
   defining Unicode char U+203A (decimal 8250)
   defining Unicode char U+2423 (decimal 9251)
)
Now handling font encoding OT1 ...
... processing UTF-8 mapping file for font encoding OT1

(/usr/local/texlive/2014/texmf-dist/tex/latex/base/ot1enc.dfu
File: ot1enc.dfu 2008/04/05 v1.1m UTF-8 support for inputenc
   defining Unicode char U+00A1 (decimal 161)
   defining Unicode char U+00A3 (decimal 163)
   defining Unicode char U+00B8 (decimal 184)
   defining Unicode char U+00BF (decimal 191)
   defining Unicode char U+00C5 (decimal 197)
   defining Unicode char U+00C6 (decimal 198)
   defining Unicode char U+00D8 (decimal 216)
   defining Unicode char U+00DF (decimal 223)
   defining Unicode char U+00E6 (decimal 230)
   defining Unicode char U+00EC (decimal 236)
   defining Unicode char U+00ED (decimal 237)
   defining Unicode char U+00EE (decimal 238)
   defining Unicode char U+00EF (decimal 239)
   defining Unicode char U+00F8 (decimal 248)
   defining Unicode char U+0131 (decimal 305)
   defining Unicode char U+0141 (decimal 321)
   defining Unicode char U+0142 (decimal 322)
   defining Unicode char U+0152 (decimal 338)
   defining Unicode char U+0153 (decimal 339)
   defining Unicode char U+2013 (decimal 8211)
   defining Unicode char U+2014 (decimal 8212)
   defining Unicode char U+2018 (decimal 8216)
   defining Unicode char U+2019 (decimal 8217)
   defining Unicode char U+201C (decimal 8220)
   defining Unicode char U+201D (decimal 8221)
)
Now handling font encoding OMS ...
... processing UTF-8 mapping file for font encoding OMS

(/usr/local/texlive/2014/texmf-dist/tex/latex/base/omsenc.dfu
File: omsenc.dfu 2008/04/05 v1.1m UTF-8 support for inputenc
   defining Unicode char U+00A7 (decimal 167)
   defining Unicode char U+00B6 (decimal 182)
   defining Unicode char U+00B7 (decimal 183)
   defining Unicode char U+2020 (decimal 8224)
   defining Unicode char U+2021 (decimal 8225)
   defining Unicode char U+2022 (decimal 8226)
)
Now handling font encoding OMX ...
... no UTF-8 mapping file for font encoding OMX
Now handling font encoding U ...
... no UTF-8 mapping file for font encoding U
   defining Unicode char U+00A9 (decimal 169)
   defining Unicode char U+00AA (decimal 170)
   defining Unicode char U+00AE (decimal 174)
   defining Unicode char U+00BA (decimal 186)
   defining Unicode char U+02C6 (decimal 710)
   defining Unicode char U+02DC (decimal 732)
   defining Unicode char U+200C (decimal 8204)
   defining Unicode char U+2026 (decimal 8230)
   defining Unicode char U+2122 (decimal 8482)
   defining Unicode char U+2423 (decimal 9251)
))
(/usr/local/texlive/2014/texmf-dist/tex/latex/fancyhdr/fancyhdr.sty
\fancy@headwidth=\skip43
\f@ncyO@elh=\skip44
\f@ncyO@erh=\skip45
\f@ncyO@olh=\skip46
\f@ncyO@orh=\skip47
\f@ncyO@elf=\skip48
\f@ncyO@erf=\skip49
\f@ncyO@olf=\skip50
\f@ncyO@orf=\skip51
)
(/usr/local/texlive/2014/texmf-dist/tex/latex/amsmath/amsmath.sty
Package: amsmath 2013/01/14 v2.14 AMS math features
\@mathmargin=\skip52

For additional information on amsmath, use the `?' option.
(/usr/local/texlive/2014/texmf-dist/tex/latex/amsmath/amstext.sty
Package: amstext 2000/06/29 v2.01

(/usr/local/texlive/2014/texmf-dist/tex/latex/amsmath/amsgen.sty
File: amsgen.sty 1999/11/30 v2.0
\@emptytoks=\toks16
\ex@=\dimen105
))
(/usr/local/texlive/2014/texmf-dist/tex/latex/amsmath/amsbsy.sty
Package: amsbsy 1999/11/29 v1.2d
\pmbraise@=\dimen106
)
(/usr/local/texlive/2014/texmf-dist/tex/latex/amsmath/amsopn.sty
Package: amsopn 1999/12/14 v2.01 operator names
)
\inf@bad=\count88
LaTeX Info: Redefining \frac on input line 210.
\uproot@=\count89
\leftroot@=\count90
LaTeX Info: Redefining \overline on input line 306.
\classnum@=\count91
\DOTSCASE@=\count92
LaTeX Info: Redefining \ldots on input line 378.
LaTeX Info: Redefining \dots on input line 381.
LaTeX Info: Redefining \cdots on input line 466.
\Mathstrutbox@=\box26
\strutbox@=\box27
\big@size=\dimen107
LaTeX Font Info:    Redeclaring font encoding OML on input line 566.
LaTeX Font Info:    Redeclaring font encoding OMS on input line 567.
\macc@depth=\count93
\c@MaxMatrixCols=\count94
\dotsspace@=\muskip10
\c@parentequation=\count95
\dspbrk@lvl=\count96
\tag@help=\toks17
\row@=\count97
\column@=\count98
\maxfields@=\count99
\andhelp@=\toks18
\eqnshift@=\dimen108
\alignsep@=\dimen109
\tagshift@=\dimen110
\tagwidth@=\dimen111
\totwidth@=\dimen112
\lineht@=\dimen113
\@envbody=\toks19
\multlinegap=\skip53
\multlinetaggap=\skip54
\mathdisplay@stack=\toks20
LaTeX Info: Redefining \[ on input line 2665.
LaTeX Info: Redefining \] on input line 2666.
)
(/usr/local/texlive/2014/texmf-dist/tex/latex/amsfonts/amsfonts.sty
Package: amsfonts 2013/01/14 v3.01 Basic AMSFonts support
\symAMSa=\mathgroup4
\symAMSb=\mathgroup5
LaTeX Font Info:    Overwriting math alphabet `\mathfrak' in version `bold'
(Font)                  U/euf/m/n --> U/euf/b/n on input line 106.
)
(/usr/local/texlive/2014/texmf-dist/tex/latex/amsfonts/amssymb.sty
Package: amssymb 2013/01/14 v3.01 AMS font symbols
)
(/usr/local/texlive/2014/texmf-dist/tex/latex/amsmath/amscd.sty
Package: amscd 1999/11/29 v2.0
\athelp@=\toks21
\minaw@=\dimen114
\bigaw@=\dimen115
\minCDarrowwidth=\dimen116
)
(/usr/local/texlive/2014/texmf-dist/tex/latex/amscls/amsthm.sty
Package: amsthm 2004/08/06 v2.20
\thm@style=\toks22
\thm@bodyfont=\toks23
\thm@headfont=\toks24
\thm@notefont=\toks25
\thm@headpunct=\toks26
\thm@preskip=\skip55
\thm@postskip=\skip56
\thm@headsep=\skip57
\dth@everypar=\toks27
)
(/usr/local/texlive/2014/texmf-dist/tex/latex/tools/xspace.sty
Package: xspace 2009/10/20 v1.13 Space after command names (DPC,MH)
)
\c@example=\count100
\c@theorem=\count101

(/usr/local/texlive/2014/texmf-dist/tex/latex/caption/caption.sty
Package: caption 2013/05/02 v3.3-89 Customizing captions (AR)

(/usr/local/texlive/2014/texmf-dist/tex/latex/caption/caption3.sty
Package: caption3 2013/05/02 v1.6-88 caption3 kernel (AR)
Package caption3 Info: TeX engine: e-TeX on input line 57.

(/usr/local/texlive/2014/texmf-dist/tex/latex/graphics/keyval.sty
Package: keyval 2014/05/08 v1.15 key=value parser (DPC)
\KV@toks@=\toks28
)
\captionmargin=\dimen117
\captionmargin@=\dimen118
\captionwidth=\dimen119
\caption@tempdima=\dimen120
\caption@indent=\dimen121
\caption@parindent=\dimen122
\caption@hangindent=\dimen123
)
\c@ContinuedFloat=\count102
)
(/usr/local/texlive/2014/texmf-dist/tex/latex/graphics/graphicx.sty
Package: graphicx 2014/04/25 v1.0g Enhanced LaTeX Graphics (DPC,SPQR)

(/usr/local/texlive/2014/texmf-dist/tex/latex/graphics/graphics.sty
Package: graphics 2009/02/05 v1.0o Standard LaTeX Graphics (DPC,SPQR)

(/usr/local/texlive/2014/texmf-dist/tex/latex/graphics/trig.sty
Package: trig 1999/03/16 v1.09 sin cos tan (DPC)
)
(/usr/local/texlive/2014/texmf-dist/tex/latex/latexconfig/graphics.cfg
File: graphics.cfg 2010/04/23 v1.9 graphics configuration of TeX Live
)
Package graphics Info: Driver file: pdftex.def on input line 91.

(/usr/local/texlive/2014/texmf-dist/tex/latex/pdftex-def/pdftex.def
File: pdftex.def 2011/05/27 v0.06d Graphics/color for pdfTeX

(/usr/local/texlive/2014/texmf-dist/tex/generic/oberdiek/infwarerr.sty
Package: infwarerr 2010/04/08 v1.3 Providing info/warning/error messages (HO)
)
(/usr/local/texlive/2014/texmf-dist/tex/generic/oberdiek/ltxcmds.sty
Package: ltxcmds 2011/11/09 v1.22 LaTeX kernel commands for general use (HO)
)
\Gread@gobject=\count103
))
\Gin@req@height=\dimen124
\Gin@req@width=\dimen125
)
(/usr/local/texlive/2014/texmf-dist/tex/latex/oberdiek/epstopdf.sty
Package: epstopdf 2010/02/09 v2.5 Conversion with epstopdf on the fly (HO)

(/usr/local/texlive/2014/texmf-dist/tex/latex/oberdiek/epstopdf-base.sty
Package: epstopdf-base 2010/02/09 v2.5 Base part for package epstopdf

(/usr/local/texlive/2014/texmf-dist/tex/latex/oberdiek/grfext.sty
Package: grfext 2010/08/19 v1.1 Manage graphics extensions (HO)

(/usr/local/texlive/2014/texmf-dist/tex/generic/oberdiek/kvdefinekeys.sty
Package: kvdefinekeys 2011/04/07 v1.3 Define keys (HO)
))
(/usr/local/texlive/2014/texmf-dist/tex/latex/oberdiek/kvoptions.sty
Package: kvoptions 2011/06/30 v3.11 Key value format for package options (HO)

(/usr/local/texlive/2014/texmf-dist/tex/generic/oberdiek/kvsetkeys.sty
Package: kvsetkeys 2012/04/25 v1.16 Key value parser (HO)

(/usr/local/texlive/2014/texmf-dist/tex/generic/oberdiek/etexcmds.sty
Package: etexcmds 2011/02/16 v1.5 Avoid name clashes with e-TeX commands (HO)

(/usr/local/texlive/2014/texmf-dist/tex/generic/oberdiek/ifluatex.sty
Package: ifluatex 2010/03/01 v1.3 Provides the ifluatex switch (HO)
Package ifluatex Info: LuaTeX not detected.
)
Package etexcmds Info: Could not find \expanded.
(etexcmds)             That can mean that you are not using pdfTeX 1.50 or
(etexcmds)             that some package has redefined \expanded.
(etexcmds)             In the latter case, load this package earlier.
)))
(/usr/local/texlive/2014/texmf-dist/tex/generic/oberdiek/pdftexcmds.sty
Package: pdftexcmds 2011/11/29 v0.20 Utility functions of pdfTeX for LuaTeX (HO
)

(/usr/local/texlive/2014/texmf-dist/tex/generic/oberdiek/ifpdf.sty
Package: ifpdf 2011/01/30 v2.3 Provides the ifpdf switch (HO)
Package ifpdf Info: pdfTeX in PDF mode is detected.
)
Package pdftexcmds Info: LuaTeX not detected.
Package pdftexcmds Info: \pdf@primitive is available.
Package pdftexcmds Info: \pdf@ifprimitive is available.
Package pdftexcmds Info: \pdfdraftmode found.
)
Package grfext Info: Graphics extension search list:
(grfext)             [.png,.pdf,.jpg,.mps,.jpeg,.jbig2,.jb2,.PNG,.PDF,.JPG,.JPE
G,.JBIG2,.JB2,.eps]
(grfext)             \AppendGraphicsExtensions on input line 452.

(/usr/local/texlive/2014/texmf-dist/tex/latex/latexconfig/epstopdf-sys.cfg
File: epstopdf-sys.cfg 2010/07/13 v1.3 Configuration of (r)epstopdf for TeX Liv
e
)))
(/usr/local/texlive/2014/texmf-dist/tex/latex/booktabs/booktabs.sty
Package: booktabs 2005/04/14 v1.61803 publication quality tables
\heavyrulewidth=\dimen126
\lightrulewidth=\dimen127
\cmidrulewidth=\dimen128
\belowrulesep=\dimen129
\belowbottomsep=\dimen130
\aboverulesep=\dimen131
\abovetopsep=\dimen132
\cmidrulesep=\dimen133
\cmidrulekern=\dimen134
\defaultaddspace=\dimen135
\@cmidla=\count104
\@cmidlb=\count105
\@aboverulesep=\dimen136
\@belowrulesep=\dimen137
\@thisruleclass=\count106
\@lastruleclass=\count107
\@thisrulewidth=\dimen138
)
(/usr/local/texlive/2014/texmf-dist/tex/latex/rotating/rotating.sty
Package: rotating 2009/03/28 v2.16a rotated objects in LaTeX

(/usr/local/texlive/2014/texmf-dist/tex/latex/base/ifthen.sty
Package: ifthen 2001/05/26 v1.1c Standard LaTeX ifthen package (DPC)
)
\c@r@tfl@t=\count108
\rotFPtop=\skip58
\rotFPbot=\skip59
\rot@float@box=\box28
\rot@mess@toks=\toks29
)
(/usr/local/texlive/2014/texmf-dist/tex/latex/listings/listings.sty
\lst@mode=\count109
\lst@gtempboxa=\box29
\lst@token=\toks30
\lst@length=\count110
\lst@currlwidth=\dimen139
\lst@column=\count111
\lst@pos=\count112
\lst@lostspace=\dimen140
\lst@width=\dimen141
\lst@newlines=\count113
\lst@lineno=\count114
\lst@maxwidth=\dimen142

(./lstpatch.sty

***
*** This is a patch for listings 1.3, but you're using
*** version 1.5c.
***
*** Patch file not loaded.
***

) (/usr/local/texlive/2014/texmf-dist/tex/latex/listings/lstmisc.sty
File: lstmisc.sty 2014/03/04 1.5c (Carsten Heinz)
\c@lstnumber=\count115
\lst@skipnumbers=\count116
\lst@framebox=\box30
)
(/usr/local/texlive/2014/texmf-dist/tex/latex/listings/listings.cfg
File: listings.cfg 2014/03/04 1.5c listings configuration
))
Package: listings 2014/03/04 1.5c (Carsten Heinz)

(./lstpatch.sty

***
*** This is a patch for listings 1.3, but you're using
*** version 1.5c.
***
 *** Patch file not loaded.
***

) (/usr/local/texlive/2014/texmf-dist/tex/latex/hyperref/hyperref.sty
Package: hyperref 2012/11/06 v6.83m Hypertext links for LaTeX

(/usr/local/texlive/2014/texmf-dist/tex/generic/oberdiek/hobsub-hyperref.sty
Package: hobsub-hyperref 2012/05/28 v1.13 Bundle oberdiek, subset hyperref (HO)


(/usr/local/texlive/2014/texmf-dist/tex/generic/oberdiek/hobsub-generic.sty
Package: hobsub-generic 2012/05/28 v1.13 Bundle oberdiek, subset generic (HO)
Package: hobsub 2012/05/28 v1.13 Construct package bundles (HO)
Package hobsub Info: Skipping package `infwarerr' (already loaded).
Package hobsub Info: Skipping package `ltxcmds' (already loaded).
Package hobsub Info: Skipping package `ifluatex' (already loaded).
Package: ifvtex 2010/03/01 v1.5 Detect VTeX and its facilities (HO)
Package ifvtex Info: VTeX not detected.
Package: intcalc 2007/09/27 v1.1 Expandable calculations with integers (HO)
Package hobsub Info: Skipping package `ifpdf' (already loaded).
Package hobsub Info: Skipping package `etexcmds' (already loaded).
Package hobsub Info: Skipping package `kvsetkeys' (already loaded).
Package hobsub Info: Skipping package `kvdefinekeys' (already loaded).
Package hobsub Info: Skipping package `pdftexcmds' (already loaded).
Package: pdfescape 2011/11/25 v1.13 Implements pdfTeX's escape features (HO)
Package: bigintcalc 2012/04/08 v1.3 Expandable calculations on big integers (HO
)
Package: bitset 2011/01/30 v1.1 Handle bit-vector datatype (HO)
Package: uniquecounter 2011/01/30 v1.2 Provide unlimited unique counter (HO)
)
Package hobsub Info: Skipping package `hobsub' (already loaded).
Package: letltxmacro 2010/09/02 v1.4 Let assignment for LaTeX macros (HO)
Package: hopatch 2012/05/28 v1.2 Wrapper for package hooks (HO)
Package: xcolor-patch 2011/01/30 xcolor patch
Package: atveryend 2011/06/30 v1.8 Hooks at the very end of document (HO)
Package atveryend Info: \enddocument detected (standard20110627).
Package: atbegshi 2011/10/05 v1.16 At begin shipout hook (HO)
Package: refcount 2011/10/16 v3.4 Data extraction from label references (HO)
Package: hycolor 2011/01/30 v1.7 Color options for hyperref/bookmark (HO)
)
(/usr/local/texlive/2014/texmf-dist/tex/generic/ifxetex/ifxetex.sty
Package: ifxetex 2010/09/12 v0.6 Provides ifxetex conditional
)
(/usr/local/texlive/2014/texmf-dist/tex/latex/oberdiek/auxhook.sty
Package: auxhook 2011/03/04 v1.3 Hooks for auxiliary files (HO)
)
\@linkdim=\dimen143
\Hy@linkcounter=\count117
\Hy@pagecounter=\count118

(/usr/local/texlive/2014/texmf-dist/tex/latex/hyperref/pd1enc.def
File: pd1enc.def 2012/11/06 v6.83m Hyperref: PDFDocEncoding definition (HO)
Now handling font encoding PD1 ...
... no UTF-8 mapping file for font encoding PD1
)
\Hy@SavedSpaceFactor=\count119

(/usr/local/texlive/2014/texmf-dist/tex/latex/latexconfig/hyperref.cfg
File: hyperref.cfg 2002/06/06 v1.2 hyperref configuration of TeXLive
)
Package hyperref Info: Option `bookmarks' set `true' on input line 4319.
Package hyperref Info: Option `bookmarksopen' set `true' on input line 4319.
Package hyperref Info: Option `bookmarksnumbered' set `true' on input line 4319
.
Package hyperref Info: Option `hypertexnames' set `false' on input line 4319.
Package hyperref Info: Option `colorlinks' set `true' on input line 4319.
Package hyperref Info: Option `unicode' set `true' on input line 4319.

(/usr/local/texlive/2014/texmf-dist/tex/latex/hyperref/puenc.def
File: puenc.def 2012/11/06 v6.83m Hyperref: PDF Unicode definition (HO)
Now handling font encoding PU ...
... no UTF-8 mapping file for font encoding PU
)
Package hyperref Info: Option `breaklinks' set `true' on input line 4319.
Package hyperref Info: Hyper figures OFF on input line 4443.
Package hyperref Info: Link nesting OFF on input line 4448.
Package hyperref Info: Hyper index ON on input line 4451.
Package hyperref Info: Plain pages OFF on input line 4458.
Package hyperref Info: Backreferencing OFF on input line 4463.
Package hyperref Info: Implicit mode ON; LaTeX internals redefined.
Package hyperref Info: Bookmarks ON on input line 4688.
\c@Hy@tempcnt=\count120

(/usr/local/texlive/2014/texmf-dist/tex/latex/url/url.sty
\Urlmuskip=\muskip11
Package: url 2013/09/16  ver 3.4  Verb mode for urls, etc.
)
LaTeX Info: Redefining \url on input line 5041.
\XeTeXLinkMargin=\dimen144
\Fld@menulength=\count121
\Field@Width=\dimen145
\Fld@charsize=\dimen146
Package hyperref Info: Hyper figures OFF on input line 6295.
Package hyperref Info: Link nesting OFF on input line 6300.
Package hyperref Info: Hyper index ON on input line 6303.
Package hyperref Info: backreferencing OFF on input line 6310.
Package hyperref Info: Link coloring ON on input line 6313.
Package hyperref Info: Link coloring with OCG OFF on input line 6320.
Package hyperref Info: PDF/A mode OFF on input line 6325.
LaTeX Info: Redefining \ref on input line 6365.
LaTeX Info: Redefining \pageref on input line 6369.
\Hy@abspage=\count122
\c@Item=\count123
\c@Hfootnote=\count124
)

Package hyperref Message: Driver (autodetected): hpdftex.

(/usr/local/texlive/2014/texmf-dist/tex/latex/hyperref/hpdftex.def
File: hpdftex.def 2012/11/06 v6.83m Hyperref driver for pdfTeX
\Fld@listcount=\count125
\c@bookmark@seq@number=\count126

(/usr/local/texlive/2014/texmf-dist/tex/latex/oberdiek/rerunfilecheck.sty
Package: rerunfilecheck 2011/04/15 v1.7 Rerun checks for auxiliary files (HO)
Package uniquecounter Info: New unique counter `rerunfilecheck' on input line 2
82.
)
\Hy@SectionHShift=\skip60
)
\c@dummy=\count127

(/usr/local/texlive/2014/texmf-dist/tex/latex/tools/longtable.sty
Package: longtable 2004/02/01 v4.11 Multi-page Table package (DPC)
\LTleft=\skip61
\LTright=\skip62
\LTpre=\skip63
\LTpost=\skip64
\LTchunksize=\count128
\LTcapwidth=\dimen147
\LT@head=\box31
\LT@firsthead=\box32
\LT@foot=\box33
\LT@lastfoot=\box34
\LT@cols=\count129
\LT@rows=\count130
\c@LT@tables=\count131
\c@LT@chunks=\count132
\LT@p@ftn=\toks31
))
(/usr/local/texlive/2014/texmf-dist/tex/latex/natbib/natbib.sty
Package: natbib 2010/09/13 8.31b (PWD, AO)
\bibhang=\skip65
\bibsep=\skip66
LaTeX Info: Redefining \cite on input line 694.
\c@NAT@ctr=\count133
)
(/usr/local/texlive/2014/texmf-dist/tex/latex/mh/mathtools.sty
Package: mathtools 2014/05/21 v1.14 mathematical typesetting tools

(/usr/local/texlive/2014/texmf-dist/tex/latex/tools/calc.sty
Package: calc 2007/08/22 v4.3 Infix arithmetic (KKT,FJ)
\calc@Acount=\count134
\calc@Bcount=\count135
\calc@Adimen=\dimen148
\calc@Bdimen=\dimen149
\calc@Askip=\skip67
\calc@Bskip=\skip68
LaTeX Info: Redefining \setlength on input line 75.
LaTeX Info: Redefining \addtolength on input line 76.
\calc@Ccount=\count136
\calc@Cskip=\skip69
)
(/usr/local/texlive/2014/texmf-dist/tex/latex/mh/mhsetup.sty
Package: mhsetup 2010/01/21 v1.2a programming setup (MH)
)
LaTeX Info: Thecontrolsequence`\['isalreadyrobust on input line 129.
LaTeX Info: Thecontrolsequence`\]'isalreadyrobust on input line 129.
\g_MT_multlinerow_int=\count137
\l_MT_multwidth_dim=\dimen150
\origjot=\skip70
\l_MT_shortvdotswithinadjustabove_dim=\dimen151
\l_MT_shortvdotswithinadjustbelow_dim=\dimen152
\l_MT_above_intertext_sep=\dimen153
\l_MT_below_intertext_sep=\dimen154
\l_MT_above_shortintertext_sep=\dimen155
\l_MT_below_shortintertext_sep=\dimen156
)
(/usr/local/texlive/2014/texmf-dist/tex/latex/titlesec/titlesec.sty
Package: titlesec 2011/12/15 v2.10.0 Sectioning titles
\ttl@box=\box35
\beforetitleunit=\skip71
\aftertitleunit=\skip72
\ttl@plus=\dimen157
\ttl@minus=\dimen158
\ttl@toksa=\toks32
\titlewidth=\dimen159
\titlewidthlast=\dimen160
\titlewidthfirst=\dimen161
)
(/usr/local/texlive/2014/texmf-dist/tex/latex/placeins/placeins.sty
Package: placeins 2005/04/18  v 2.2
)
(/usr/local/texlive/2014/texmf-dist/tex/latex/xcolor/xcolor.sty
Package: xcolor 2007/01/21 v2.11 LaTeX color extensions (UK)

(/usr/local/texlive/2014/texmf-dist/tex/latex/latexconfig/color.cfg
File: color.cfg 2007/01/18 v1.5 color configuration of teTeX/TeXLive
)
Package xcolor Info: Driver file: pdftex.def on input line 225.
Package xcolor Info: Model `cmy' substituted by `cmy0' on input line 1337.
Package xcolor Info: Model `hsb' substituted by `rgb' on input line 1341.
Package xcolor Info: Model `RGB' extended on input line 1353.
Package xcolor Info: Model `HTML' substituted by `rgb' on input line 1355.
Package xcolor Info: Model `Hsb' substituted by `hsb' on input line 1356.
Package xcolor Info: Model `tHsb' substituted by `hsb' on input line 1357.
Package xcolor Info: Model `HSB' substituted by `hsb' on input line 1358.
Package xcolor Info: Model `Gray' substituted by `gray' on input line 1359.
Package xcolor Info: Model `wave' substituted by `hsb' on input line 1360.
)
Package hyperref Info: Option `colorlinks' set `true' on input line 104.

(./main.aux)
\openout1 = `main.aux'.

LaTeX Font Info:    Checking defaults for OML/cmm/m/it on input line 107.
LaTeX Font Info:    ... okay on input line 107.
LaTeX Font Info:    Checking defaults for T1/cmr/m/n on input line 107.
LaTeX Font Info:    ... okay on input line 107.
LaTeX Font Info:    Checking defaults for OT1/cmr/m/n on input line 107.
LaTeX Font Info:    ... okay on input line 107.
LaTeX Font Info:    Checking defaults for OMS/cmsy/m/n on input line 107.
LaTeX Font Info:    ... okay on input line 107.
LaTeX Font Info:    Checking defaults for OMX/cmex/m/n on input line 107.
LaTeX Font Info:    ... okay on input line 107.
LaTeX Font Info:    Checking defaults for U/cmr/m/n on input line 107.
LaTeX Font Info:    ... okay on input line 107.
LaTeX Font Info:    Checking defaults for PD1/pdf/m/n on input line 107.
LaTeX Font Info:    ... okay on input line 107.
LaTeX Font Info:    Checking defaults for PU/pdf/m/n on input line 107.
LaTeX Font Info:    ... okay on input line 107.
Package caption Info: Begin \AtBeginDocument code.
Package caption Info: hyperref package is loaded.
Package caption Info: listings package is loaded.
Package caption Info: longtable package is loaded.

(/usr/local/texlive/2014/texmf-dist/tex/latex/caption/ltcaption.sty
Package: ltcaption 2013/02/03 v1.3-62 longtable captions (AR)
)
Package caption Info: rotating package is loaded.
Package caption Info: End \AtBeginDocument code.

(/usr/local/texlive/2014/texmf-dist/tex/context/base/supp-pdf.mkii
[Loading MPS to PDF converter (version 2006.09.02).]
\scratchcounter=\count138
\scratchdimen=\dimen162
\scratchbox=\box36
\nofMPsegments=\count139
\nofMParguments=\count140
\everyMPshowfont=\toks33
\MPscratchCnt=\count141
\MPscratchDim=\dimen163
\MPnumerator=\count142
\makeMPintoPDFobject=\count143
\everyMPtoPDFconversion=\toks34
)
\c@lstlisting=\count144
\AtBeginShipoutBox=\box37
Package hyperref Info: Link coloring ON on input line 107.
 (/usr/local/texlive/2014/texmf-dist/tex/latex/hyperref/nameref.sty
Package: nameref 2012/10/27 v2.43 Cross-referencing by name of section

(/usr/local/texlive/2014/texmf-dist/tex/generic/oberdiek/gettitlestring.sty
Package: gettitlestring 2010/12/03 v1.4 Cleanup title references (HO)
)
\c@section@level=\count145
)
LaTeX Info: Redefining \ref on input line 107.
LaTeX Info: Redefining \pageref on input line 107.
LaTeX Info: Redefining \nameref on input line 107.

(./main.out) (./main.out)
\@outlinefile=\write3
\openout3 = `main.out'.

LaTeX Font Info:    Try loading font information for U+msa on input line 148.

(/usr/local/texlive/2014/texmf-dist/tex/latex/amsfonts/umsa.fd
File: umsa.fd 2013/01/14 v3.01 AMS symbols A
)
LaTeX Font Info:    Try loading font information for U+msb on input line 148.

(/usr/local/texlive/2014/texmf-dist/tex/latex/amsfonts/umsb.fd
File: umsb.fd 2013/01/14 v3.01 AMS symbols B
) [1



{/usr/local/texlive/2014/texmf-var/fonts/map/pdftex/updmap/pdftex.map}]
------------------------------------------------------------------------------
 Abstract Page
------------------------------------------------------------------------------
[1]
------------------------------------------------------------------------------
 Table of Contents
------------------------------------------------------------------------------
(./main.toc [2


] [3])
\tf@toc=\write4
\openout4 = `main.toc'.

 [4]
------------------------------------------------------------------------------
 List of Figures
------------------------------------------------------------------------------
(./main.lof
LaTeX Font Info:    Try loading font information for OT1+pcr on input line 15.
 (/usr/local/texlive/2014/texmf-dist/tex/latex/psnfss/ot1pcr.fd
File: ot1pcr.fd 2001/06/04 font definitions for OT1/pcr.
)
[5


])
\tf@lof=\write5
\openout5 = `main.lof'.

 [6]
------------------------------------------------------------------------------
 Abbreviations
------------------------------------------------------------------------------
[7



] (./Chapters/1_Introduction.tex [0


]
Chapter 1.
------------------------------------------------------------------------------
 1 Introduction
------------------------------------------------------------------------------
) (./Chapters/2_Vector_structure.tex [1

]
Chapter 2.
------------------------------------------------------------------------------
 2 Vector Structure and Operations
------------------------------------------------------------------------------
<Figures/Radix_Balanced.pdf, id=545, 784.9325pt x 161.60374pt>
File: Figures/Radix_Balanced.pdf Graphic file (type pdf)

<use Figures/Radix_Balanced.pdf>
Package pdftex.def Info: Figures/Radix_Balanced.pdf used on input line 30.
(pdftex.def)             Requested size: 417.47307pt x 85.95287pt.
 [2

 <./Figures/Radix_Balanced.pdf>]
<Figures/Radix_Balanced_32.pdf, id=571, 340.27126pt x 161.60374pt>
File: Figures/Radix_Balanced_32.pdf Graphic file (type pdf)

<use Figures/Radix_Balanced_32.pdf>
Package pdftex.def Info: Figures/Radix_Balanced_32.pdf used on input line 41.
(pdftex.def)             Requested size: 166.98668pt x 79.30734pt.
 [3 <./Figures/Radix_Balanced_32.pdf>]
[4] [5] [6] [7] [8] [9]
<Figures/Relaxed_Radix_balanced.pdf, id=703, 519.9425pt x 161.60374pt>
File: Figures/Relaxed_Radix_balanced.pdf Graphic file (type pdf)

<use Figures/Relaxed_Radix_balanced.pdf>
Package pdftex.def Info: Figures/Relaxed_Radix_balanced.pdf used on input line 
270.
(pdftex.def)             Requested size: 333.97972pt x 103.80331pt.
 [10

 <./Figures/Relaxed_Radix_balanced.pdf>] <Figures/Relaxed_radix_example.pdf, id
=730, 503.8825pt x 161.60374pt>
File: Figures/Relaxed_radix_example.pdf Graphic file (type pdf)

<use Figures/Relaxed_radix_example.pdf>
Package pdftex.def Info: Figures/Relaxed_radix_example.pdf used on input line 2
82.
(pdftex.def)             Requested size: 333.97972pt x 107.11252pt.

Overfull \hbox (10.94606pt too wide) in paragraph at lines 299--300
\OT1/cmr/m/n/10.95 For-tu-nately there are only three op-er-a-tions that can un
-bal-ance a tree: the \OT1/pcr/m/n/10.95 concatenated\OT1/cmr/m/n/10.95 ,
 []


Package hyperref Warning: Difference (2) between bookmark levels is greater 
(hyperref)                than one, level fixed on input line 306.


Package hyperref Warning: The anchor of a bookmark and its parent's must not
(hyperref)                be the same. Added a new anchor on input line 306.

[11 <./Figures/Relaxed_radix_example.pdf>]
Overfull \hbox (4.25371pt too wide) in paragraph at lines 324--325
\OT1/pcr/m/n/10.95 copyBranchAndAppend\OT1/cmr/m/n/10.95 , \OT1/pcr/m/n/10.95 c
opyAndUpdateLast \OT1/cmr/m/n/10.95 and \OT1/pcr/m/n/10.95 createNewBranch \OT1
/cmr/m/n/10.95 helper func-
 []


Overfull \hbox (7.77243pt too wide) in paragraph at lines 324--325
\OT1/cmr/m/n/10.95 also copy the sizes of the branch and in-crease the last siz
e by one. The \OT1/pcr/m/n/10.95 createNewBranch
 []

[12] [13] <Figures/Concat0.pdf, id=796, 562.1pt x 169.63374pt>
File: Figures/Concat0.pdf Graphic file (type pdf)

<use Figures/Concat0.pdf>
Package pdftex.def Info: Figures/Concat0.pdf used on input line 402.
(pdftex.def)             Requested size: 333.97972pt x 100.78966pt.

<Figures/Concat1.pdf, id=797, 625.33624pt x 172.645pt>
File: Figures/Concat1.pdf Graphic file (type pdf)

<use Figures/Concat1.pdf>
Package pdftex.def Info: Figures/Concat1.pdf used on input line 409.
(pdftex.def)             Requested size: 333.97972pt x 92.2074pt.
 <Figures/Concat2.pdf, id=798, 511.9125pt x 184.69pt>
File: Figures/Concat2.pdf Graphic file (type pdf)

<use Figures/Concat2.pdf>
Package pdftex.def Info: Figures/Concat2.pdf used on input line 416.
(pdftex.def)             Requested size: 333.97972pt x 120.49515pt.


LaTeX Warning: `!h' float specifier changed to `!ht'.

<Figures/Concat3.pdf, id=799, 505.89pt x 226.8475pt>
File: Figures/Concat3.pdf Graphic file (type pdf)
 <use Figures/Concat3.pdf>
Package pdftex.def Info: Figures/Concat3.pdf used on input line 423.
(pdftex.def)             Requested size: 333.97972pt x 149.7648pt.


LaTeX Warning: `!h' float specifier changed to `!ht'.

[14 <./Figures/Concat0.pdf> <./Figures/Concat1.pdf>]

Package hyperref Warning: Difference (2) between bookmark levels is greater 
(hyperref)                than one, level fixed on input line 434.

[15 <./Figures/Concat2.pdf> <./Figures/Concat3.pdf>]

Package hyperref Warning: Difference (2) between bookmark levels is greater 
(hyperref)                than one, level fixed on input line 456.


Package hyperref Warning: The anchor of a bookmark and its parent's must not
(hyperref)                be the same. Added a new anchor on input line 456.

[16] [17]

Package hyperref Warning: Difference (2) between bookmark levels is greater 
(hyperref)                than one, level fixed on input line 518.


Package hyperref Warning: The anchor of a bookmark and its parent's must not
(hyperref)                be the same. Added a new anchor on input line 518.

) (./Chapters/3_Optimizations.tex [18]
Chapter 3.
------------------------------------------------------------------------------
 3 Optimizations
------------------------------------------------------------------------------

Package hyperref Warning: Difference (2) between bookmark levels is greater 
(hyperref)                than one, level fixed on input line 37.


Package hyperref Warning: The anchor of a bookmark and its parent's must not
(hyperref)                be the same. Added a new anchor on input line 37.

[19

]
<Figures/Radix_Balanced_index_example.pdf, id=978, 339.2675pt x 258.9675pt>
File: Figures/Radix_Balanced_index_example.pdf Graphic file (type pdf)

<use Figures/Radix_Balanced_index_example.pdf>
Package pdftex.def Info: Figures/Radix_Balanced_index_example.pdf used on input
 line 60.
(pdftex.def)             Requested size: 208.73653pt x 159.32925pt.
 [20 <./Figures/Radix_Balanced_index_example.pdf>]

Package hyperref Warning: Difference (2) between bookmark levels is greater 
(hyperref)                than one, level fixed on input line 95.


Package hyperref Warning: The anchor of a bookmark and its parent's must not
(hyperref)                be the same. Added a new anchor on input line 95.

[21] [22] [23] <Figures/Displays.pdf, id=1054, 465.74pt x 150.5625pt>
File: Figures/Displays.pdf Graphic file (type pdf)

<use Figures/Displays.pdf>
Package pdftex.def Info: Figures/Displays.pdf used on input line 153.
(pdftex.def)             Requested size: 333.97972pt x 107.97069pt.
 [24

 <./Figures/Displays.pdf>]
<Figures/Transient_state.pdf, id=1080, 474.77374pt x 161.60374pt>
File: Figures/Transient_state.pdf Graphic file (type pdf)

<use Figures/Transient_state.pdf>
Package pdftex.def Info: Figures/Transient_state.pdf used on input line 200.
(pdftex.def)             Requested size: 333.97972pt x 113.68407pt.
 [25 <./Figures/Transient_state.pdf>] [26]
Overfull \hbox (64.81366pt too wide) in paragraph at lines 235--236
[]\OT1/cmr/m/n/10.95 This \OT1/pcr/m/n/10.95 getElement \OT1/cmr/m/n/10.95 on t
he un-bal-anced sub-trees of fig-ure [][]3.4[][] would use the \OT1/pcr/m/n/10.
95 getElementFromDisplay
 []


Overfull \hbox (33.01819pt too wide) in paragraph at lines 235--236
\OT1/cmr/m/n/10.95 (1.2) start-ing from \OT1/pcr/m/n/10.95 display1\OT1/cmr/m/n
/10.95 . The rest is fetched from the root us-ing \OT1/pcr/m/n/10.95 getElement
FromRoot\OT1/cmr/m/n/10.95 . 
 []

<Figures/Balanced_subtrees.pdf, id=1121, 533.995pt x 150.5625pt>
File: Figures/Balanced_subtrees.pdf Graphic file (type pdf)

<use Figures/Balanced_subtrees.pdf>
Package pdftex.def Info: Figures/Balanced_subtrees.pdf used on input line 239.
(pdftex.def)             Requested size: 417.47307pt x 117.71394pt.

<Figures/StatesGraphSimple.pdf, id=1122, 713.66624pt x 735.74875pt>
File: Figures/StatesGraphSimple.pdf Graphic file (type pdf)

<use Figures/StatesGraphSimple.pdf>
Package pdftex.def Info: Figures/StatesGraphSimple.pdf used on input line 259.
(pdftex.def)             Requested size: 333.97972pt x 344.30882pt.


LaTeX Warning: `!h' float specifier changed to `!ht'.

<Figures/StatesGraph.pdf, id=1123, 726.715pt x 997.7275pt>
File: Figures/StatesGraph.pdf Graphic file (type pdf)

<use Figures/StatesGraph.pdf>
Package pdftex.def Info: Figures/StatesGraph.pdf used on input line 267.
(pdftex.def)             Requested size: 417.47307pt x 573.17123pt.


LaTeX Warning: `!h' float specifier changed to `!ht'.

[27 <./Figures/Balanced_subtrees.pdf>] [28 <./Figures/StatesGraphSimple.pdf>]
[29 <./Figures/StatesGraph.pdf>]

Package hyperref Warning: Difference (3) between bookmark levels is greater 
(hyperref)                than one, level fixed on input line 284.


Package hyperref Warning: The anchor of a bookmark and its parent's must not
(hyperref)                be the same. Added a new anchor on input line 284.

[30

]

Package hyperref Warning: Difference (3) between bookmark levels is greater 
(hyperref)                than one, level fixed on input line 304.


Package hyperref Warning: The anchor of a bookmark and its parent's must not
(hyperref)                be the same. Added a new anchor on input line 304.

) (./Chapters/4_Performance.tex [31

]
Chapter 4.
------------------------------------------------------------------------------
 4 Performance
------------------------------------------------------------------------------
[32

] [33] [34

] [35

]
LaTeX Font Info:    Try loading font information for OMS+cmr on input line 99.

(/usr/local/texlive/2014/texmf-dist/tex/latex/base/omscmr.fd
File: omscmr.fd 1999/05/25 v2.5h Standard LaTeX font definitions
)
LaTeX Font Info:    Font shape `OMS/cmr/m/n' in size <10.95> not available
(Font)              Font shape `OMS/cmsy/m/n' tried instead on input line 99.
 [36

]
<Benchmarks/Apply_2.pdf, id=1251, 704.6325pt x 456.70625pt>
File: Benchmarks/Apply_2.pdf Graphic file (type pdf)

<use Benchmarks/Apply_2.pdf>
Package pdftex.def Info: Benchmarks/Apply_2.pdf used on input line 125.
(pdftex.def)             Requested size: 417.47307pt x 270.58328pt.

<Benchmarks/Apply_3.pdf, id=1252, 704.6325pt x 426.59375pt>
File: Benchmarks/Apply_3.pdf Graphic file (type pdf)

<use Benchmarks/Apply_3.pdf>
Package pdftex.def Info: Benchmarks/Apply_3.pdf used on input line 134.
(pdftex.def)             Requested size: 417.47307pt x 252.74263pt.


LaTeX Warning: `!h' float specifier changed to `!ht'.

[37 <./Benchmarks/Apply_2.pdf>]
<Benchmarks/Apply_random_3.pdf, id=1259, 704.6325pt x 426.59375pt>
File: Benchmarks/Apply_random_3.pdf Graphic file (type pdf)

<use Benchmarks/Apply_random_3.pdf>
Package pdftex.def Info: Benchmarks/Apply_random_3.pdf used on input line 145.
(pdftex.def)             Requested size: 417.47307pt x 252.74263pt.
 [38 <./Benchmarks/Apply_3.pdf> <./Benchmarks/Apply_random_3.pdf>]
<Benchmarks/Apply_blocks_32.pdf, id=1267, 451.6875pt x 301.125pt>
File: Benchmarks/Apply_blocks_32.pdf Graphic file (type pdf)

<use Benchmarks/Apply_blocks_32.pdf>
Package pdftex.def Info: Benchmarks/Apply_blocks_32.pdf used on input line 156.

(pdftex.def)             Requested size: 204.56409pt x 136.37799pt.

<Benchmarks/Apply_blocks_64.pdf, id=1268, 451.6875pt x 301.125pt>
File: Benchmarks/Apply_blocks_64.pdf Graphic file (type pdf)

<use Benchmarks/Apply_blocks_64.pdf>
Package pdftex.def Info: Benchmarks/Apply_blocks_64.pdf used on input line 157.

(pdftex.def)             Requested size: 204.56409pt x 136.37799pt.

<Benchmarks/Apply_blocks_128.pdf, id=1269, 451.6875pt x 301.125pt>
File: Benchmarks/Apply_blocks_128.pdf Graphic file (type pdf)

<use Benchmarks/Apply_blocks_128.pdf>
Package pdftex.def Info: Benchmarks/Apply_blocks_128.pdf used on input line 158
.
(pdftex.def)             Requested size: 204.56409pt x 136.37799pt.

<Benchmarks/Apply_blocks_256.pdf, id=1270, 451.6875pt x 301.125pt>
File: Benchmarks/Apply_blocks_256.pdf Graphic file (type pdf)

<use Benchmarks/Apply_blocks_256.pdf>
Package pdftex.def Info: Benchmarks/Apply_blocks_256.pdf used on input line 159
.
(pdftex.def)             Requested size: 204.56409pt x 136.37799pt.

<Benchmarks/Concat.png, id=1272, 1581.91pt x 736.7525pt>
File: Benchmarks/Concat.png Graphic file (type png)

<use Benchmarks/Concat.png>
Package pdftex.def Info: Benchmarks/Concat.png used on input line 182.
(pdftex.def)             Requested size: 417.47307pt x 194.42906pt.


LaTeX Warning: `!h' float specifier changed to `!ht'.

[39 <./Benchmarks/Apply_blocks_32.pdf> <./Benchmarks/Apply_blocks_64.pdf> <./Be
nchmarks/Apply_blocks_128.pdf> <./Benchmarks/Apply_blocks_256.pdf>]
<Benchmarks/Append_2.pdf, id=1283, 704.6325pt x 426.59375pt>
File: Benchmarks/Append_2.pdf Graphic file (type pdf)

<use Benchmarks/Append_2.pdf>
Package pdftex.def Info: Benchmarks/Append_2.pdf used on input line 202.
(pdftex.def)             Requested size: 417.47307pt x 252.74263pt.


LaTeX Warning: `!h' float specifier changed to `!ht'.

<Benchmarks/Append_3.pdf, id=1287, 704.6325pt x 426.59375pt>
File: Benchmarks/Append_3.pdf Graphic file (type pdf)

<use Benchmarks/Append_3.pdf>
Package pdftex.def Info: Benchmarks/Append_3.pdf used on input line 214.
(pdftex.def)             Requested size: 417.47307pt x 252.74263pt.


LaTeX Warning: `!h' float specifier changed to `!ht'.

[40 <./Benchmarks/Concat.png>] [41 <./Benchmarks/Append_2.pdf> <./Benchmarks/Ap
pend_3.pdf>]
<Benchmarks/Append_blocks_32.pdf, id=1302, 451.6875pt x 301.125pt>
File: Benchmarks/Append_blocks_32.pdf Graphic file (type pdf)

<use Benchmarks/Append_blocks_32.pdf>
Package pdftex.def Info: Benchmarks/Append_blocks_32.pdf used on input line 225
.
(pdftex.def)             Requested size: 204.56409pt x 136.37799pt.

<Benchmarks/Append_blocks_64.pdf, id=1303, 451.6875pt x 301.125pt>
File: Benchmarks/Append_blocks_64.pdf Graphic file (type pdf)

<use Benchmarks/Append_blocks_64.pdf>
Package pdftex.def Info: Benchmarks/Append_blocks_64.pdf used on input line 226
.
(pdftex.def)             Requested size: 204.56409pt x 136.37799pt.

<Benchmarks/Append_blocks_128.pdf, id=1304, 451.6875pt x 301.125pt>
File: Benchmarks/Append_blocks_128.pdf Graphic file (type pdf)

<use Benchmarks/Append_blocks_128.pdf>
Package pdftex.def Info: Benchmarks/Append_blocks_128.pdf used on input line 22
7.
(pdftex.def)             Requested size: 204.56409pt x 136.37799pt.

<Benchmarks/Append_blocks_256.pdf, id=1305, 451.6875pt x 301.125pt>
File: Benchmarks/Append_blocks_256.pdf Graphic file (type pdf)

<use Benchmarks/Append_blocks_256.pdf>
Package pdftex.def Info: Benchmarks/Append_blocks_256.pdf used on input line 22
8.
(pdftex.def)             Requested size: 204.56409pt x 136.37799pt.

<Benchmarks/Prepend_2.pdf, id=1306, 704.6325pt x 456.70625pt>
File: Benchmarks/Prepend_2.pdf Graphic file (type pdf)

<use Benchmarks/Prepend_2.pdf>
Package pdftex.def Info: Benchmarks/Prepend_2.pdf used on input line 250.
(pdftex.def)             Requested size: 417.47307pt x 270.58328pt.


LaTeX Warning: `!h' float specifier changed to `!ht'.

<Benchmarks/Prepend_3.pdf, id=1310, 704.6325pt x 426.59375pt>
File: Benchmarks/Prepend_3.pdf Graphic file (type pdf)

<use Benchmarks/Prepend_3.pdf>
Package pdftex.def Info: Benchmarks/Prepend_3.pdf used on input line 259.
(pdftex.def)             Requested size: 417.47307pt x 252.74263pt.


LaTeX Warning: `!h' float specifier changed to `!ht'.

[42 <./Benchmarks/Append_blocks_32.pdf> <./Benchmarks/Append_blocks_64.pdf> <./
Benchmarks/Append_blocks_128.pdf> <./Benchmarks/Append_blocks_256.pdf>]
[43 <./Benchmarks/Prepend_2.pdf> <./Benchmarks/Prepend_3.pdf>]
<Benchmarks/Prepend_blocks_32.pdf, id=1326, 451.6875pt x 301.125pt>
File: Benchmarks/Prepend_blocks_32.pdf Graphic file (type pdf)

<use Benchmarks/Prepend_blocks_32.pdf>
Package pdftex.def Info: Benchmarks/Prepend_blocks_32.pdf used on input line 27
0.
(pdftex.def)             Requested size: 204.56409pt x 136.37799pt.

<Benchmarks/Prepend_blocks_64.pdf, id=1327, 451.6875pt x 301.125pt>
File: Benchmarks/Prepend_blocks_64.pdf Graphic file (type pdf)

<use Benchmarks/Prepend_blocks_64.pdf>
Package pdftex.def Info: Benchmarks/Prepend_blocks_64.pdf used on input line 27
1.
(pdftex.def)             Requested size: 204.56409pt x 136.37799pt.

<Benchmarks/Prepend_blocks_128.pdf, id=1328, 451.6875pt x 301.125pt>
File: Benchmarks/Prepend_blocks_128.pdf Graphic file (type pdf)

<use Benchmarks/Prepend_blocks_128.pdf>
Package pdftex.def Info: Benchmarks/Prepend_blocks_128.pdf used on input line 2
72.
(pdftex.def)             Requested size: 204.56409pt x 136.37799pt.

<Benchmarks/Prepend_blocks_256.pdf, id=1329, 451.6875pt x 301.125pt>
File: Benchmarks/Prepend_blocks_256.pdf Graphic file (type pdf)

<use Benchmarks/Prepend_blocks_256.pdf>
Package pdftex.def Info: Benchmarks/Prepend_blocks_256.pdf used on input line 2
73.
(pdftex.def)             Requested size: 204.56409pt x 136.37799pt.

<Benchmarks/Split_take_3.pdf, id=1332, 704.6325pt x 426.59375pt>
File: Benchmarks/Split_take_3.pdf Graphic file (type pdf)

<use Benchmarks/Split_take_3.pdf>
Package pdftex.def Info: Benchmarks/Split_take_3.pdf used on input line 297.
(pdftex.def)             Requested size: 417.47307pt x 252.74263pt.


LaTeX Warning: `!h' float specifier changed to `!ht'.

<Benchmarks/Split_drop_3.pdf, id=1333, 704.6325pt x 456.70625pt>
File: Benchmarks/Split_drop_3.pdf Graphic file (type pdf)

<use Benchmarks/Split_drop_3.pdf>
Package pdftex.def Info: Benchmarks/Split_drop_3.pdf used on input line 305.
(pdftex.def)             Requested size: 417.47307pt x 270.58328pt.


LaTeX Warning: `!h' float specifier changed to `!ht'.

[44 <./Benchmarks/Prepend_blocks_32.pdf> <./Benchmarks/Prepend_blocks_64.pdf> <
./Benchmarks/Prepend_blocks_128.pdf> <./Benchmarks/Prepend_blocks_256.pdf>]
<Benchmarks/Iteration_3.pdf, id=1342, 704.6325pt x 426.59375pt>
File: Benchmarks/Iteration_3.pdf Graphic file (type pdf)

<use Benchmarks/Iteration_3.pdf>
Package pdftex.def Info: Benchmarks/Iteration_3.pdf used on input line 322.
(pdftex.def)             Requested size: 417.47307pt x 252.74263pt.


LaTeX Warning: `!h' float specifier changed to `!ht'.

[45 <./Benchmarks/Split_take_3.pdf> <./Benchmarks/Split_drop_3.pdf>]
<Benchmarks/Iteration_4.pdf, id=1352, 704.6325pt x 426.59375pt>
File: Benchmarks/Iteration_4.pdf Graphic file (type pdf)

<use Benchmarks/Iteration_4.pdf>
Package pdftex.def Info: Benchmarks/Iteration_4.pdf used on input line 334.
(pdftex.def)             Requested size: 417.47307pt x 252.74263pt.


LaTeX Warning: `!h' float specifier changed to `!ht'.

[46 <./Benchmarks/Iteration_3.pdf>]
<Benchmarks/Iteration_blocks_32.pdf, id=1361, 451.6875pt x 301.125pt>
File: Benchmarks/Iteration_blocks_32.pdf Graphic file (type pdf)

<use Benchmarks/Iteration_blocks_32.pdf>
Package pdftex.def Info: Benchmarks/Iteration_blocks_32.pdf used on input line 
347.
(pdftex.def)             Requested size: 204.56409pt x 136.37799pt.

<Benchmarks/Iteration_blocks_64.pdf, id=1362, 451.6875pt x 301.125pt>
File: Benchmarks/Iteration_blocks_64.pdf Graphic file (type pdf)

<use Benchmarks/Iteration_blocks_64.pdf>
Package pdftex.def Info: Benchmarks/Iteration_blocks_64.pdf used on input line 
348.
(pdftex.def)             Requested size: 204.56409pt x 136.37799pt.

<Benchmarks/Iteration_blocks_128.pdf, id=1363, 451.6875pt x 301.125pt>
File: Benchmarks/Iteration_blocks_128.pdf Graphic file (type pdf)

<use Benchmarks/Iteration_blocks_128.pdf>
Package pdftex.def Info: Benchmarks/Iteration_blocks_128.pdf used on input line
 349.
(pdftex.def)             Requested size: 204.56409pt x 136.37799pt.

<Benchmarks/Iteration_blocks_256.pdf, id=1364, 451.6875pt x 301.125pt>
File: Benchmarks/Iteration_blocks_256.pdf Graphic file (type pdf)

<use Benchmarks/Iteration_blocks_256.pdf>
Package pdftex.def Info: Benchmarks/Iteration_blocks_256.pdf used on input line
 350.
(pdftex.def)             Requested size: 204.56409pt x 136.37799pt.


LaTeX Warning: `!h' float specifier changed to `!ht'.

[47 <./Benchmarks/Iteration_4.pdf>]
<Benchmarks/Builder_3.pdf, id=1370, 704.6325pt x 426.59375pt>
File: Benchmarks/Builder_3.pdf Graphic file (type pdf)

<use Benchmarks/Builder_3.pdf>
Package pdftex.def Info: Benchmarks/Builder_3.pdf used on input line 368.
(pdftex.def)             Requested size: 417.47307pt x 252.74263pt.


LaTeX Warning: `!h' float specifier changed to `!ht'.

<Benchmarks/Builder_4.pdf, id=1373, 704.6325pt x 426.59375pt>
File: Benchmarks/Builder_4.pdf Graphic file (type pdf)

<use Benchmarks/Builder_4.pdf>
Package pdftex.def Info: Benchmarks/Builder_4.pdf used on input line 377.
(pdftex.def)             Requested size: 417.47307pt x 252.74263pt.


LaTeX Warning: `!h' float specifier changed to `!ht'.

[48 <./Benchmarks/Iteration_blocks_32.pdf> <./Benchmarks/Iteration_blocks_64.pd
f> <./Benchmarks/Iteration_blocks_128.pdf> <./Benchmarks/Iteration_blocks_256.p
df>] <Benchmarks/Builder_blocks.pdf, id=1383, 704.6325pt x 426.59375pt>
File: Benchmarks/Builder_blocks.pdf Graphic file (type pdf)

<use Benchmarks/Builder_blocks.pdf>
Package pdftex.def Info: Benchmarks/Builder_blocks.pdf used on input line 388.
(pdftex.def)             Requested size: 417.47307pt x 252.74263pt.


LaTeX Warning: `!h' float specifier changed to `!ht'.

[49 <./Benchmarks/Builder_3.pdf> <./Benchmarks/Builder_4.pdf>]
<Benchmarks/Parmap_balanced.pdf, id=1392, 704.6325pt x 456.70625pt>
File: Benchmarks/Parmap_balanced.pdf Graphic file (type pdf)

<use Benchmarks/Parmap_balanced.pdf>
Package pdftex.def Info: Benchmarks/Parmap_balanced.pdf used on input line 409.

(pdftex.def)             Requested size: 417.47307pt x 270.58328pt.


LaTeX Warning: `!h' float specifier changed to `!ht'.


Package natbib Warning: Citation `TODO' on page 50 undefined on input line 416.


[50 <./Benchmarks/Builder_blocks.pdf>] [51 <./Benchmarks/Parmap_balanced.pdf>]
<Benchmarks/parmap_unbalanced_1.pdf, id=1406, 451.6875pt x 301.125pt>
File: Benchmarks/parmap_unbalanced_1.pdf Graphic file (type pdf)

<use Benchmarks/parmap_unbalanced_1.pdf>
Package pdftex.def Info: Benchmarks/parmap_unbalanced_1.pdf used on input line 
423.
(pdftex.def)             Requested size: 204.56409pt x 136.37799pt.

<Benchmarks/parmap_unbalanced_2.pdf, id=1407, 451.6875pt x 301.125pt>
File: Benchmarks/parmap_unbalanced_2.pdf Graphic file (type pdf)

<use Benchmarks/parmap_unbalanced_2.pdf>
Package pdftex.def Info: Benchmarks/parmap_unbalanced_2.pdf used on input line 
424.
(pdftex.def)             Requested size: 204.56409pt x 136.37799pt.

<Benchmarks/parmap_unbalanced_4.pdf, id=1408, 451.6875pt x 301.125pt>
File: Benchmarks/parmap_unbalanced_4.pdf Graphic file (type pdf)

<use Benchmarks/parmap_unbalanced_4.pdf>
Package pdftex.def Info: Benchmarks/parmap_unbalanced_4.pdf used on input line 
425.
(pdftex.def)             Requested size: 204.56409pt x 136.37799pt.

<Benchmarks/parmap_unbalanced_8.pdf, id=1409, 451.6875pt x 301.125pt>
File: Benchmarks/parmap_unbalanced_8.pdf Graphic file (type pdf)

<use Benchmarks/parmap_unbalanced_8.pdf>
Package pdftex.def Info: Benchmarks/parmap_unbalanced_8.pdf used on input line 
426.
(pdftex.def)             Requested size: 204.56409pt x 136.37799pt.

<Benchmarks/Memory_3.pdf, id=1411, 704.6325pt x 426.59375pt>
File: Benchmarks/Memory_3.pdf Graphic file (type pdf)

<use Benchmarks/Memory_3.pdf>
Package pdftex.def Info: Benchmarks/Memory_3.pdf used on input line 447.
(pdftex.def)             Requested size: 417.47307pt x 252.74263pt.


LaTeX Warning: `!h' float specifier changed to `!ht'.

[52 <./Benchmarks/parmap_unbalanced_1.pdf> <./Benchmarks/parmap_unbalanced_2.pd
f> <./Benchmarks/parmap_unbalanced_4.pdf> <./Benchmarks/parmap_unbalanced_8.pdf
>] <Benchmarks/Memory_blocks.pdf, id=1422, 704.6325pt x 426.59375pt>
File: Benchmarks/Memory_blocks.pdf Graphic file (type pdf)

<use Benchmarks/Memory_blocks.pdf>
Package pdftex.def Info: Benchmarks/Memory_blocks.pdf used on input line 458.
(pdftex.def)             Requested size: 417.47307pt x 252.74263pt.
) (./Chapters/5_Testing.tex [53 <./Benchmarks/Memory_3.pdf> <./Benchmarks/Memor
y_blocks.pdf>]
Chapter 5.
------------------------------------------------------------------------------
 5 Testing
------------------------------------------------------------------------------
[54

]) (./Chapters/6_Related_work.tex [55]
Chapter 6.
------------------------------------------------------------------------------
 6 Related and Future Work
------------------------------------------------------------------------------

Package hyperref Warning: Difference (3) between bookmark levels is greater 
(hyperref)                than one, level fixed on input line 27.


Package hyperref Warning: The anchor of a bookmark and its parent's must not
(hyperref)                be the same. Added a new anchor on input line 27.

) (./Chapters/7_Conclusion.tex [56

] [57]
Chapter 7.
------------------------------------------------------------------------------
 7 Conclusions
------------------------------------------------------------------------------
) (./main.bbl [58

]
Underfull \hbox (badness 10000) in paragraph at lines 9--13
\OT1/pcr/m/n/10.95 blob / 394da59828b830f639d2418960052655d9dd040a / src / libr
ary /
 []


Underfull \hbox (badness 10000) in paragraph at lines 15--19
\OT1/pcr/m/n/10.95 blob / f4267ccd96a9143c910c66a5b0436aaa64b7c9dc / src / libr
ary /
 []

)

Package natbib Warning: There were undefined citations.

Package atveryend Info: Empty hook `BeforeClearDocument' on input line 322.
[59

]
Package atveryend Info: Empty hook `AfterLastShipout' on input line 322.
 (./main.aux)
Package atveryend Info: Executing hook `AtVeryEndDocument' on input line 322.
Package atveryend Info: Executing hook `AtEndAfterFileList' on input line 322.
Package rerunfilecheck Info: File `main.out' has not changed.
(rerunfilecheck)             Checksum: 5F799505A39E0C1977E015F0096F32E4;11227.
Package atveryend Info: Empty hook `AtVeryVeryEnd' on input line 322.
 ) 
Here is how much of TeX's memory you used:
 15466 strings out of 493117
 219584 string characters out of 6135433
 350831 words of memory out of 5000000
 18246 multiletter control sequences out of 15000+600000
 17746 words of font info for 67 fonts, out of 8000000 for 9000
 1141 hyphenation exceptions out of 8191
 49i,12n,45p,1060b,1873s stack positions out of 5000i,500n,10000p,200000b,80000s
{/usr/local/texlive/2014/texmf-dist/fonts/enc/dvips/base/8r.enc}</usr/local/t
exlive/2014/texmf-dist/fonts/type1/public/amsfonts/cm/cmbx10.pfb></usr/local/te
xlive/2014/texmf-dist/fonts/type1/public/amsfonts/cm/cmbx12.pfb></usr/local/tex
live/2014/texmf-dist/fonts/type1/public/amsfonts/cm/cmcsc10.pfb></usr/local/tex
live/2014/texmf-dist/fonts/type1/public/amsfonts/cm/cmex10.pfb></usr/local/texl
ive/2014/texmf-dist/fonts/type1/public/amsfonts/cm/cmmi10.pfb></usr/local/texli
ve/2014/texmf-dist/fonts/type1/public/amsfonts/cm/cmmi6.pfb></usr/local/texlive
/2014/texmf-dist/fonts/type1/public/amsfonts/cm/cmmi8.pfb></usr/local/texlive/2
014/texmf-dist/fonts/type1/public/amsfonts/cm/cmr10.pfb></usr/local/texlive/201
4/texmf-dist/fonts/type1/public/amsfonts/cm/cmr12.pfb></usr/local/texlive/2014/
texmf-dist/fonts/type1/public/amsfonts/cm/cmr6.pfb></usr/local/texlive/2014/tex
mf-dist/fonts/type1/public/amsfonts/cm/cmr7.pfb></usr/local/texlive/2014/texmf-
dist/fonts/type1/public/amsfonts/cm/cmr8.pfb></usr/local/texlive/2014/texmf-dis
t/fonts/type1/public/amsfonts/cm/cmr9.pfb></usr/local/texlive/2014/texmf-dist/f
onts/type1/public/amsfonts/cm/cmsy10.pfb></usr/local/texlive/2014/texmf-dist/fo
nts/type1/public/amsfonts/cm/cmsy8.pfb></usr/local/texlive/2014/texmf-dist/font
s/type1/public/amsfonts/cm/cmti10.pfb></usr/local/texlive/2014/texmf-dist/fonts
/type1/public/amsfonts/cm/cmti12.pfb></usr/local/texlive/2014/texmf-dist/fonts/
type1/public/amsfonts/symbols/msam10.pfb></usr/local/texlive/2014/texmf-dist/fo
nts/type1/urw/courier/ucrr8a.pfb>
Output written on main.pdf (68 pages, 1506870 bytes).
PDF statistics:
 1616 PDF objects out of 1728 (max. 8388607)
 1404 compressed objects within 15 object streams
 399 named destinations out of 1000 (max. 500000)
 861 words of extra memory for PDF output out of 10000 (max. 10000000)

