\BOOKMARK [0][-]{dummy.1}{\376\377\000A\000b\000s\000t\000r\000a\000c\000t}{}% 1
\BOOKMARK [0][-]{dummy.2}{\376\377\000C\000o\000n\000t\000e\000n\000t\000s}{}% 2
\BOOKMARK [0][-]{dummy.4}{\376\377\000L\000i\000s\000t\000\040\000o\000f\000\040\000F\000i\000g\000u\000r\000e\000s}{}% 3
\BOOKMARK [0][-]{dummy.6}{\376\377\000L\000i\000s\000t\000\040\000o\000f\000\040\000T\000a\000b\000l\000e\000s}{}% 4
\BOOKMARK [0][-]{dummy.8}{\376\377\000A\000b\000b\000r\000e\000v\000i\000a\000t\000i\000o\000n\000s}{}% 5
\BOOKMARK [0][-]{chapter.11}{\376\377\0001\000\040\000I\000n\000t\000r\000o\000d\000u\000c\000t\000i\000o\000n}{}% 6
\BOOKMARK [1][-]{section.12}{\376\377\0001\000.\0001\000\040\000M\000a\000i\000n\000\040\000S\000e\000c\000t\000i\000o\000n\000\040\0001}{chapter.11}% 7
\BOOKMARK [2][-]{subsection.13}{\376\377\0001\000.\0001\000.\0001\000\040\000S\000u\000b\000s\000e\000c\000t\000i\000o\000n\000\040\0001}{section.12}% 8
\BOOKMARK [2][-]{subsection.14}{\376\377\0001\000.\0001\000.\0002\000\040\000S\000u\000b\000s\000e\000c\000t\000i\000o\000n\000\040\0002}{section.12}% 9
\BOOKMARK [1][-]{section.15}{\376\377\0001\000.\0002\000\040\000M\000a\000i\000n\000\040\000S\000e\000c\000t\000i\000o\000n\000\040\0002}{chapter.11}% 10
\BOOKMARK [0][-]{chapter.16}{\376\377\0002\000\040\000V\000e\000c\000t\000o\000r\000\040\000S\000t\000r\000u\000c\000t\000u\000r\000e}{}% 11
\BOOKMARK [1][-]{section.17}{\376\377\0002\000.\0001\000\040\000R\000a\000d\000i\000x\000\040\000B\000a\000l\000a\000n\000c\000e\000d\000\040\000V\000e\000c\000t\000o\000r\000s}{chapter.16}% 12
\BOOKMARK [2][-]{subsection.18}{\376\377\0002\000.\0001\000.\0001\000\040\000T\000r\000e\000e\000\040\000s\000t\000r\000u\000c\000t\000u\000r\000e}{section.17}% 13
\BOOKMARK [2][-]{subsection.20}{\376\377\0002\000.\0001\000.\0002\000\040\000O\000p\000e\000r\000a\000t\000i\000o\000n\000s}{section.17}% 14
\BOOKMARK [3][-]{subsubsection.21}{\376\377\0002\000.\0001\000.\0002\000.\0001\000\040\000A\000p\000p\000l\000y\000\040\000\050\000g\000e\000t\000\040\000e\000l\000e\000m\000e\000n\000t\000\040\000a\000t\000\040\000i\000n\000d\000e\000x\000\051}{subsection.20}% 15
\BOOKMARK [3][-]{subsubsection.22}{\376\377\0002\000.\0001\000.\0002\000.\0002\000\040\000U\000p\000d\000a\000t\000e\000d}{subsection.20}% 16
\BOOKMARK [3][-]{subsubsection.23}{\376\377\0002\000.\0001\000.\0002\000.\0003\000\040\000A\000d\000d\000i\000t\000i\000o\000n\000s}{subsection.20}% 17
\BOOKMARK [4][-]{section*.24}{\376\377\000A\000p\000p\000e\000n\000d\000\040\000a\000n\000d\000\040\000P\000r\000e\000p\000e\000n\000d}{subsubsection.23}% 18
\BOOKMARK [4][-]{section*.25}{\376\377\000C\000o\000n\000c\000a\000t\000e\000n\000a\000t\000i\000o\000n\000\040\000a\000n\000d\000\040\000I\000n\000s\000e\000r\000t}{subsubsection.23}% 19
\BOOKMARK [3][-]{subsubsection.26}{\376\377\0002\000.\0001\000.\0002\000.\0004\000\040\000S\000p\000l\000i\000t\000s}{subsection.20}% 20
\BOOKMARK [1][-]{section.27}{\376\377\0002\000.\0002\000\040\000P\000a\000r\000a\000l\000l\000e\000l\000\040\000V\000e\000c\000t\000o\000r\000s}{chapter.16}% 21
\BOOKMARK [2][-]{subsection.28}{\376\377\0002\000.\0002\000.\0001\000\040\000S\000p\000l\000i\000t\000t\000e\000r\000\040\000I\000t\000e\000r\000a\000t\000o\000r}{section.27}% 22
\BOOKMARK [2][-]{subsection.29}{\376\377\0002\000.\0002\000.\0002\000\040\000C\000o\000m\000b\000i\000n\000e\000r\000\040\000B\000u\000i\000l\000d\000e\000r}{section.27}% 23
\BOOKMARK [1][-]{section.30}{\376\377\0002\000.\0003\000\040\000R\000e\000l\000a\000x\000e\000d\000\040\000R\000a\000d\000i\000x\000\040\000B\000a\000l\000a\000n\000c\000e\000d\000\040\000V\000e\000c\000t\000o\000r\000s}{chapter.16}% 24
\BOOKMARK [2][-]{subsection.31}{\376\377\0002\000.\0003\000.\0001\000\040\000T\000r\000e\000e\000\040\000s\000t\000r\000u\000c\000t\000u\000r\000e}{section.30}% 25
\BOOKMARK [2][-]{subsection.33}{\376\377\0002\000.\0003\000.\0002\000\040\000O\000p\000e\000r\000a\000t\000i\000o\000n\000s}{section.30}% 26
\BOOKMARK [3][-]{subsubsection.34}{\376\377\0002\000.\0003\000.\0002\000.\0001\000\040\000A\000p\000p\000l\000y\000\040\000\050\000g\000e\000t\000\040\000e\000l\000e\000m\000e\000n\000t\000\040\000a\000t\000\040\000i\000n\000d\000e\000x\000\051}{subsection.33}% 27
\BOOKMARK [3][-]{subsubsection.35}{\376\377\0002\000.\0003\000.\0002\000.\0002\000\040\000U\000p\000d\000a\000t\000e\000d}{subsection.33}% 28
\BOOKMARK [3][-]{subsubsection.36}{\376\377\0002\000.\0003\000.\0002\000.\0003\000\040\000A\000d\000d\000i\000t\000i\000o\000n\000s}{subsection.33}% 29
\BOOKMARK [4][-]{section*.37}{\376\377\000A\000p\000p\000e\000n\000d\000\040\000a\000n\000d\000\040\000P\000r\000e\000p\000e\000n\000d}{subsubsection.36}% 30
\BOOKMARK [4][-]{section*.38}{\376\377\000I\000n\000s\000e\000r\000t}{subsubsection.36}% 31
\BOOKMARK [4][-]{section*.39}{\376\377\000C\000o\000n\000c\000a\000t\000e\000n\000a\000t\000i\000o\000n}{subsubsection.36}% 32
\BOOKMARK [3][-]{subsubsection.40}{\376\377\0002\000.\0003\000.\0002\000.\0004\000\040\000S\000p\000l\000i\000t\000s}{subsection.33}% 33
\BOOKMARK [0][-]{chapter.41}{\376\377\0003\000\040\000I\000m\000p\000l\000e\000m\000e\000n\000t\000a\000t\000i\000o\000n\000\040\000a\000n\000d\000\040\000O\000p\000t\000i\000m\000i\000z\000a\000t\000i\000o\000n\000s}{}% 34
\BOOKMARK [1][-]{section.42}{\376\377\0003\000.\0001\000\040\000W\000h\000e\000r\000e\000\040\000d\000o\000e\000s\000\040\000t\000i\000m\000e\000\040\000g\000o\000?}{chapter.41}% 35
\BOOKMARK [2][-]{subsection.43}{\376\377\0003\000.\0001\000.\0001\000\040\000A\000r\000r\000a\000y\000s}{section.42}% 36
\BOOKMARK [2][-]{subsection.44}{\376\377\0003\000.\0001\000.\0002\000\040\000C\000o\000m\000p\000u\000t\000i\000n\000g\000\040\000i\000n\000d\000i\000c\000e\000s}{section.42}% 37
\BOOKMARK [1][-]{section.46}{\376\377\0003\000.\0002\000\040\000D\000i\000s\000p\000l\000a\000y\000s}{chapter.41}% 38
\BOOKMARK [2][-]{subsection.48}{\376\377\0003\000.\0002\000.\0001\000\040\000A\000s\000\040\000c\000a\000c\000h\000e}{section.46}% 39
\BOOKMARK [2][-]{subsection.49}{\376\377\0003\000.\0002\000.\0002\000\040\000F\000o\000r\000\040\000t\000r\000a\000n\000s\000i\000e\000n\000t\000\040\000s\000t\000a\000t\000e\000s}{section.46}% 40
\BOOKMARK [1][-]{section.51}{\376\377\0003\000.\0003\000\040\000B\000u\000i\000l\000d\000e\000r}{chapter.41}% 41
\BOOKMARK [1][-]{section.52}{\376\377\0003\000.\0004\000\040\000I\000t\000e\000r\000a\000t\000o\000r}{chapter.41}% 42
\BOOKMARK [1][-]{section.53}{\376\377\0003\000.\0005\000\040\000R\000e\000l\000a\000x\000i\000n\000g\000\040\000t\000h\000e\000\040\000R\000a\000d\000i\000x}{chapter.41}% 43
\BOOKMARK [2][-]{subsection.54}{\376\377\0003\000.\0005\000.\0001\000\040\000D\000i\000s\000p\000l\000a\000y\000s}{section.53}% 44
\BOOKMARK [2][-]{subsection.55}{\376\377\0003\000.\0005\000.\0002\000\040\000B\000u\000i\000l\000d\000e\000r}{section.53}% 45
\BOOKMARK [2][-]{subsection.56}{\376\377\0003\000.\0005\000.\0003\000\040\000I\000t\000e\000r\000a\000t\000o\000r}{section.53}% 46
\BOOKMARK [0][-]{chapter.57}{\376\377\0004\000\040\000P\000e\000r\000f\000o\000r\000m\000a\000n\000c\000e}{}% 47
\BOOKMARK [1][-]{section.58}{\376\377\0004\000.\0001\000\040\000I\000n\000\040\000p\000r\000a\000c\000t\000i\000c\000e\000:\000\040\000R\000u\000n\000n\000i\000n\000g\000\040\000o\000n\000\040\000J\000V\000M}{chapter.57}% 48
\BOOKMARK [2][-]{subsection.59}{\376\377\0004\000.\0001\000.\0001\000\040\000C\000o\000s\000t\000\040\000o\000f\000\040\000A\000b\000s\000t\000r\000a\000c\000t\000i\000o\000n\000\040\000a\000n\000d\000\040\000J\000I\000T\000\040\000I\000n\000l\000i\000n\000e}{section.58}% 49
\BOOKMARK [1][-]{section.60}{\376\377\0004\000.\0002\000\040\000M\000e\000a\000s\000u\000r\000i\000n\000g\000\040\000p\000e\000r\000f\000o\000r\000m\000a\000n\000c\000e}{chapter.57}% 50
\BOOKMARK [1][-]{section.61}{\376\377\0004\000.\0003\000\040\000G\000e\000n\000e\000r\000a\000t\000o\000r\000s}{chapter.57}% 51
\BOOKMARK [1][-]{section.62}{\376\377\0004\000.\0004\000\040\000B\000e\000n\000c\000h\000m\000a\000r\000k\000s}{chapter.57}% 52
\BOOKMARK [2][-]{subsection.63}{\376\377\0004\000.\0004\000.\0001\000\040\000A\000p\000p\000l\000y}{section.62}% 53
\BOOKMARK [2][-]{subsection.67}{\376\377\0004\000.\0004\000.\0002\000\040\000C\000o\000n\000c\000a\000t\000e\000n\000a\000t\000i\000o\000n}{section.62}% 54
\BOOKMARK [2][-]{subsection.68}{\376\377\0004\000.\0004\000.\0003\000\040\000A\000p\000p\000e\000n\000d}{section.62}% 55
\BOOKMARK [2][-]{subsection.71}{\376\377\0004\000.\0004\000.\0004\000\040\000P\000r\000e\000p\000e\000n\000d}{section.62}% 56
\BOOKMARK [2][-]{subsection.73}{\376\377\0004\000.\0004\000.\0005\000\040\000I\000t\000e\000r\000a\000t\000o\000r}{section.62}% 57
\BOOKMARK [2][-]{subsection.76}{\376\377\0004\000.\0004\000.\0006\000\040\000B\000u\000i\000l\000d\000e\000r}{section.62}% 58
\BOOKMARK [2][-]{subsection.78}{\376\377\0004\000.\0004\000.\0007\000\040\000P\000a\000r\000a\000l\000l\000e\000l\000\040\000s\000p\000l\000i\000t\000-\000c\000o\000m\000b\000i\000n\000e}{section.62}% 59
\BOOKMARK [0][-]{chapter.81}{\376\377\0005\000\040\000T\000e\000s\000t\000i\000n\000g}{}% 60
\BOOKMARK [1][-]{section.82}{\376\377\0005\000.\0001\000\040\000T\000e\000s\000t\000s\000t\000i\000n\000g\000\040\000c\000o\000r\000r\000e\000c\000t\000n\000e\000s\000s}{chapter.81}% 61
\BOOKMARK [2][-]{subsection.83}{\376\377\0005\000.\0001\000.\0001\000\040\000I\000n\000v\000a\000r\000i\000a\000n\000t\000\040\000A\000s\000s\000e\000r\000t\000i\000o\000n\000s}{section.82}% 62
\BOOKMARK [2][-]{subsection.84}{\376\377\0005\000.\0001\000.\0002\000\040\000U\000n\000i\000t\000\040\000t\000e\000s\000t\000s}{section.82}% 63
\BOOKMARK [1][-]{section.85}{\376\377\0005\000.\0002\000\040\000M\000a\000i\000n\000\040\000S\000e\000c\000t\000i\000o\000n\000\040\0002}{chapter.81}% 64
\BOOKMARK [0][-]{chapter.86}{\376\377\0006\000\040\000R\000e\000l\000a\000t\000e\000d\000\040\000W\000o\000r\000k}{}% 65
\BOOKMARK [1][-]{section.87}{\376\377\0006\000.\0001\000\040\000R\000R\000B\000-\000V\000e\000c\000t\000o\000r\000s\000\040\000i\000n\000\040\000C\000l\000o\000j\000u\000r\000e}{chapter.86}% 66
\BOOKMARK [0][-]{chapter.88}{\376\377\0007\000\040\000C\000o\000n\000c\000l\000u\000s\000i\000o\000n\000s}{}% 67
